Command: vcs -sverilog -fsdb -full64 -timescale=1ns/1ns +acc +vpi +error+1000 +vcs+lic+wait \
-lca +define+UVM_OBJECT_MUST_HAVE_CONSTRUCTOR +define+UVM_OBJECTION_TRACE +incdir+/home/synopsys/vcs/O-2018.09-SP2/etc/uvm-1.1/src \
/home/synopsys/vcs/O-2018.09-SP2/etc/uvm-1.1/src/uvm.sv +define+SYNOPSYS_SV +define+NTB \
-ntb_define NTB -ntb_opts rvm -ntb_opts use_sigprop -ntb_opts dw_vip /home/synopsys/vcs/O-2018.09-SP2/etc/uvm-1.1/src/dpi/uvm_dpi.cc \
-CFLAGS -DVCS -debug_pp -f filelist.f -l comp.log -cm line+cond+fsm+branch+tgl -cm_name \
simv -cm_dir ./cov/.vdb +define+SVA+ASSERT_ON

Warning-[DEBUG_DEP] Option will be deprecated
  The option '-fsdb' will be deprecated in a future release.  Please use 
  '-debug_acc+dmptf -debug_region+cell+encrypt' instead.

                         Chronologic VCS (TM)
       Version O-2018.09-SP2_Full64 -- Wed Aug  9 17:25:38 2023
               Copyright (c) 1991-2018 by Synopsys Inc.
                         ALL RIGHTS RESERVED

This program is proprietary and confidential information of Synopsys Inc.
and may be used and disclosed only as authorized in a license agreement
controlling such use and disclosure.


Warning-[DEPRECATED_OPTION] Deprecated option used
  The specified option '+acc' is deprecated.
  Please use '-debug_access+r+w+nomemcbk -debug_region+cell' instead.


Warning-[LCA_FEATURES_ENABLED] Usage warning
  LCA features enabled by '-lca' argument on the command line.  For more 
  information regarding list of LCA features please refer to Chapter "LCA 
  features" in the VCS/VCS-MX Release Notes

Parsing design file '/home/synopsys/vcs/O-2018.09-SP2/etc/rvm/vmm.sv'
Parsing design file '/home/synopsys/vcs/O-2018.09-SP2/etc/rvm/vmm.sv'
Parsing design file '/home/synopsys/vcs/O-2018.09-SP2/etc/uvm-1.1/src/uvm.sv'
Parsing included file '/home/synopsys/vcs/O-2018.09-SP2/etc/uvm-1.1/src/uvm_pkg.sv'.
Parsing included file '/home/synopsys/vcs/O-2018.09-SP2/etc/uvm-1.1/src/uvm_macros.svh'.
Parsing included file '/home/synopsys/vcs/O-2018.09-SP2/etc/uvm-1.1/src/macros/uvm_version_defines.svh'.
Back to file '/home/synopsys/vcs/O-2018.09-SP2/etc/uvm-1.1/src/uvm_macros.svh'.
Parsing included file '/home/synopsys/vcs/O-2018.09-SP2/etc/uvm-1.1/src/macros/uvm_message_defines.svh'.
Back to file '/home/synopsys/vcs/O-2018.09-SP2/etc/uvm-1.1/src/uvm_macros.svh'.
Parsing included file '/home/synopsys/vcs/O-2018.09-SP2/etc/uvm-1.1/src/macros/uvm_phase_defines.svh'.
Back to file '/home/synopsys/vcs/O-2018.09-SP2/etc/uvm-1.1/src/uvm_macros.svh'.
Parsing included file '/home/synopsys/vcs/O-2018.09-SP2/etc/uvm-1.1/src/macros/uvm_object_defines.svh'.
Back to file '/home/synopsys/vcs/O-2018.09-SP2/etc/uvm-1.1/src/uvm_macros.svh'.
Parsing included file '/home/synopsys/vcs/O-2018.09-SP2/etc/uvm-1.1/src/macros/uvm_printer_defines.svh'.
Back to file '/home/synopsys/vcs/O-2018.09-SP2/etc/uvm-1.1/src/uvm_macros.svh'.
Parsing included file '/home/synopsys/vcs/O-2018.09-SP2/etc/uvm-1.1/src/macros/uvm_tlm_defines.svh'.
Parsing included file '/home/synopsys/vcs/O-2018.09-SP2/etc/uvm-1.1/src/tlm1/uvm_tlm_imps.svh'.
Back to file '/home/synopsys/vcs/O-2018.09-SP2/etc/uvm-1.1/src/macros/uvm_tlm_defines.svh'.
Back to file '/home/synopsys/vcs/O-2018.09-SP2/etc/uvm-1.1/src/uvm_macros.svh'.
Parsing included file '/home/synopsys/vcs/O-2018.09-SP2/etc/uvm-1.1/src/macros/uvm_sequence_defines.svh'.
Back to file '/home/synopsys/vcs/O-2018.09-SP2/etc/uvm-1.1/src/uvm_macros.svh'.
Parsing included file '/home/synopsys/vcs/O-2018.09-SP2/etc/uvm-1.1/src/macros/uvm_callback_defines.svh'.
Back to file '/home/synopsys/vcs/O-2018.09-SP2/etc/uvm-1.1/src/uvm_macros.svh'.
Parsing included file '/home/synopsys/vcs/O-2018.09-SP2/etc/uvm-1.1/src/macros/uvm_reg_defines.svh'.
Back to file '/home/synopsys/vcs/O-2018.09-SP2/etc/uvm-1.1/src/uvm_macros.svh'.
Parsing included file '/home/synopsys/vcs/O-2018.09-SP2/etc/uvm-1.1/src/macros/uvm_deprecated_defines.svh'.
Back to file '/home/synopsys/vcs/O-2018.09-SP2/etc/uvm-1.1/src/uvm_macros.svh'.
Back to file '/home/synopsys/vcs/O-2018.09-SP2/etc/uvm-1.1/src/uvm_pkg.sv'.
Parsing included file '/home/synopsys/vcs/O-2018.09-SP2/etc/uvm-1.1/src/dpi/uvm_dpi.svh'.
Parsing included file '/home/synopsys/vcs/O-2018.09-SP2/etc/uvm-1.1/src/dpi/uvm_hdl.svh'.
Back to file '/home/synopsys/vcs/O-2018.09-SP2/etc/uvm-1.1/src/dpi/uvm_dpi.svh'.
Parsing included file '/home/synopsys/vcs/O-2018.09-SP2/etc/uvm-1.1/src/dpi/uvm_svcmd_dpi.svh'.
Back to file '/home/synopsys/vcs/O-2018.09-SP2/etc/uvm-1.1/src/dpi/uvm_dpi.svh'.
Parsing included file '/home/synopsys/vcs/O-2018.09-SP2/etc/uvm-1.1/src/dpi/uvm_regex.svh'.
Back to file '/home/synopsys/vcs/O-2018.09-SP2/etc/uvm-1.1/src/dpi/uvm_dpi.svh'.
Back to file '/home/synopsys/vcs/O-2018.09-SP2/etc/uvm-1.1/src/uvm_pkg.sv'.
Parsing included file '/home/synopsys/vcs/O-2018.09-SP2/etc/uvm-1.1/src/base/uvm_base.svh'.
Parsing included file '/home/synopsys/vcs/O-2018.09-SP2/etc/uvm-1.1/src/base/uvm_version.svh'.
Back to file '/home/synopsys/vcs/O-2018.09-SP2/etc/uvm-1.1/src/base/uvm_base.svh'.
Parsing included file '/home/synopsys/vcs/O-2018.09-SP2/etc/uvm-1.1/src/base/uvm_object_globals.svh'.
Back to file '/home/synopsys/vcs/O-2018.09-SP2/etc/uvm-1.1/src/base/uvm_base.svh'.
Parsing included file '/home/synopsys/vcs/O-2018.09-SP2/etc/uvm-1.1/src/base/uvm_misc.svh'.
Back to file '/home/synopsys/vcs/O-2018.09-SP2/etc/uvm-1.1/src/base/uvm_base.svh'.
Parsing included file '/home/synopsys/vcs/O-2018.09-SP2/etc/uvm-1.1/src/base/uvm_object.svh'.
Back to file '/home/synopsys/vcs/O-2018.09-SP2/etc/uvm-1.1/src/base/uvm_base.svh'.
Parsing included file '/home/synopsys/vcs/O-2018.09-SP2/etc/uvm-1.1/src/base/uvm_pool.svh'.
Back to file '/home/synopsys/vcs/O-2018.09-SP2/etc/uvm-1.1/src/base/uvm_base.svh'.
Parsing included file '/home/synopsys/vcs/O-2018.09-SP2/etc/uvm-1.1/src/base/uvm_queue.svh'.
Back to file '/home/synopsys/vcs/O-2018.09-SP2/etc/uvm-1.1/src/base/uvm_base.svh'.
Parsing included file '/home/synopsys/vcs/O-2018.09-SP2/etc/uvm-1.1/src/base/uvm_factory.svh'.
Back to file '/home/synopsys/vcs/O-2018.09-SP2/etc/uvm-1.1/src/base/uvm_base.svh'.
Parsing included file '/home/synopsys/vcs/O-2018.09-SP2/etc/uvm-1.1/src/base/uvm_registry.svh'.
Back to file '/home/synopsys/vcs/O-2018.09-SP2/etc/uvm-1.1/src/base/uvm_base.svh'.
Parsing included file '/home/synopsys/vcs/O-2018.09-SP2/etc/uvm-1.1/src/base/uvm_spell_chkr.svh'.
Back to file '/home/synopsys/vcs/O-2018.09-SP2/etc/uvm-1.1/src/base/uvm_base.svh'.
Parsing included file '/home/synopsys/vcs/O-2018.09-SP2/etc/uvm-1.1/src/base/uvm_resource.svh'.
Back to file '/home/synopsys/vcs/O-2018.09-SP2/etc/uvm-1.1/src/base/uvm_base.svh'.
Parsing included file '/home/synopsys/vcs/O-2018.09-SP2/etc/uvm-1.1/src/deprecated/uvm_resource_converter.svh'.
Back to file '/home/synopsys/vcs/O-2018.09-SP2/etc/uvm-1.1/src/base/uvm_base.svh'.
Parsing included file '/home/synopsys/vcs/O-2018.09-SP2/etc/uvm-1.1/src/base/uvm_resource_specializations.svh'.
Back to file '/home/synopsys/vcs/O-2018.09-SP2/etc/uvm-1.1/src/base/uvm_base.svh'.
Parsing included file '/home/synopsys/vcs/O-2018.09-SP2/etc/uvm-1.1/src/base/uvm_resource_db.svh'.
Back to file '/home/synopsys/vcs/O-2018.09-SP2/etc/uvm-1.1/src/base/uvm_base.svh'.
Parsing included file '/home/synopsys/vcs/O-2018.09-SP2/etc/uvm-1.1/src/base/uvm_config_db.svh'.
Back to file '/home/synopsys/vcs/O-2018.09-SP2/etc/uvm-1.1/src/base/uvm_base.svh'.
Parsing included file '/home/synopsys/vcs/O-2018.09-SP2/etc/uvm-1.1/src/base/uvm_printer.svh'.
Back to file '/home/synopsys/vcs/O-2018.09-SP2/etc/uvm-1.1/src/base/uvm_base.svh'.
Parsing included file '/home/synopsys/vcs/O-2018.09-SP2/etc/uvm-1.1/src/base/uvm_comparer.svh'.
Back to file '/home/synopsys/vcs/O-2018.09-SP2/etc/uvm-1.1/src/base/uvm_base.svh'.
Parsing included file '/home/synopsys/vcs/O-2018.09-SP2/etc/uvm-1.1/src/base/uvm_packer.svh'.
Back to file '/home/synopsys/vcs/O-2018.09-SP2/etc/uvm-1.1/src/base/uvm_base.svh'.
Parsing included file '/home/synopsys/vcs/O-2018.09-SP2/etc/uvm-1.1/src/base/uvm_recorder.svh'.
Back to file '/home/synopsys/vcs/O-2018.09-SP2/etc/uvm-1.1/src/base/uvm_base.svh'.
Parsing included file '/home/synopsys/vcs/O-2018.09-SP2/etc/uvm-1.1/src/base/uvm_event_callback.svh'.
Back to file '/home/synopsys/vcs/O-2018.09-SP2/etc/uvm-1.1/src/base/uvm_base.svh'.
Parsing included file '/home/synopsys/vcs/O-2018.09-SP2/etc/uvm-1.1/src/base/uvm_event.svh'.
Back to file '/home/synopsys/vcs/O-2018.09-SP2/etc/uvm-1.1/src/base/uvm_base.svh'.
Parsing included file '/home/synopsys/vcs/O-2018.09-SP2/etc/uvm-1.1/src/base/uvm_barrier.svh'.
Back to file '/home/synopsys/vcs/O-2018.09-SP2/etc/uvm-1.1/src/base/uvm_base.svh'.
Parsing included file '/home/synopsys/vcs/O-2018.09-SP2/etc/uvm-1.1/src/base/uvm_callback.svh'.
Parsing included file '/home/synopsys/vcs/O-2018.09-SP2/etc/uvm-1.1/src/uvm_macros.svh'.
Back to file '/home/synopsys/vcs/O-2018.09-SP2/etc/uvm-1.1/src/base/uvm_callback.svh'.
Back to file '/home/synopsys/vcs/O-2018.09-SP2/etc/uvm-1.1/src/base/uvm_base.svh'.
Parsing included file '/home/synopsys/vcs/O-2018.09-SP2/etc/uvm-1.1/src/base/uvm_report_catcher.svh'.
Back to file '/home/synopsys/vcs/O-2018.09-SP2/etc/uvm-1.1/src/base/uvm_base.svh'.
Parsing included file '/home/synopsys/vcs/O-2018.09-SP2/etc/uvm-1.1/src/base/uvm_report_server.svh'.
Back to file '/home/synopsys/vcs/O-2018.09-SP2/etc/uvm-1.1/src/base/uvm_base.svh'.
Parsing included file '/home/synopsys/vcs/O-2018.09-SP2/etc/uvm-1.1/src/base/uvm_report_handler.svh'.
Back to file '/home/synopsys/vcs/O-2018.09-SP2/etc/uvm-1.1/src/base/uvm_base.svh'.
Parsing included file '/home/synopsys/vcs/O-2018.09-SP2/etc/uvm-1.1/src/base/uvm_report_object.svh'.
Back to file '/home/synopsys/vcs/O-2018.09-SP2/etc/uvm-1.1/src/base/uvm_base.svh'.
Parsing included file '/home/synopsys/vcs/O-2018.09-SP2/etc/uvm-1.1/src/base/uvm_transaction.svh'.
Back to file '/home/synopsys/vcs/O-2018.09-SP2/etc/uvm-1.1/src/base/uvm_base.svh'.
Parsing included file '/home/synopsys/vcs/O-2018.09-SP2/etc/uvm-1.1/src/base/uvm_phase.svh'.
Back to file '/home/synopsys/vcs/O-2018.09-SP2/etc/uvm-1.1/src/base/uvm_base.svh'.
Parsing included file '/home/synopsys/vcs/O-2018.09-SP2/etc/uvm-1.1/src/base/uvm_domain.svh'.
Back to file '/home/synopsys/vcs/O-2018.09-SP2/etc/uvm-1.1/src/base/uvm_base.svh'.
Parsing included file '/home/synopsys/vcs/O-2018.09-SP2/etc/uvm-1.1/src/base/uvm_bottomup_phase.svh'.
Back to file '/home/synopsys/vcs/O-2018.09-SP2/etc/uvm-1.1/src/base/uvm_base.svh'.
Parsing included file '/home/synopsys/vcs/O-2018.09-SP2/etc/uvm-1.1/src/base/uvm_topdown_phase.svh'.
Back to file '/home/synopsys/vcs/O-2018.09-SP2/etc/uvm-1.1/src/base/uvm_base.svh'.
Parsing included file '/home/synopsys/vcs/O-2018.09-SP2/etc/uvm-1.1/src/base/uvm_task_phase.svh'.
Back to file '/home/synopsys/vcs/O-2018.09-SP2/etc/uvm-1.1/src/base/uvm_base.svh'.
Parsing included file '/home/synopsys/vcs/O-2018.09-SP2/etc/uvm-1.1/src/base/uvm_common_phases.svh'.
Back to file '/home/synopsys/vcs/O-2018.09-SP2/etc/uvm-1.1/src/base/uvm_base.svh'.
Parsing included file '/home/synopsys/vcs/O-2018.09-SP2/etc/uvm-1.1/src/base/uvm_runtime_phases.svh'.
Back to file '/home/synopsys/vcs/O-2018.09-SP2/etc/uvm-1.1/src/base/uvm_base.svh'.
Parsing included file '/home/synopsys/vcs/O-2018.09-SP2/etc/uvm-1.1/src/base/uvm_component.svh'.
Parsing included file '/home/synopsys/vcs/O-2018.09-SP2/etc/uvm-1.1/src/base/uvm_root.svh'.
Back to file '/home/synopsys/vcs/O-2018.09-SP2/etc/uvm-1.1/src/base/uvm_component.svh'.
Back to file '/home/synopsys/vcs/O-2018.09-SP2/etc/uvm-1.1/src/base/uvm_base.svh'.
Parsing included file '/home/synopsys/vcs/O-2018.09-SP2/etc/uvm-1.1/src/base/uvm_objection.svh'.
Back to file '/home/synopsys/vcs/O-2018.09-SP2/etc/uvm-1.1/src/base/uvm_base.svh'.
Parsing included file '/home/synopsys/vcs/O-2018.09-SP2/etc/uvm-1.1/src/base/uvm_heartbeat.svh'.
Back to file '/home/synopsys/vcs/O-2018.09-SP2/etc/uvm-1.1/src/base/uvm_base.svh'.
Parsing included file '/home/synopsys/vcs/O-2018.09-SP2/etc/uvm-1.1/src/base/uvm_globals.svh'.
Back to file '/home/synopsys/vcs/O-2018.09-SP2/etc/uvm-1.1/src/base/uvm_base.svh'.
Parsing included file '/home/synopsys/vcs/O-2018.09-SP2/etc/uvm-1.1/src/base/uvm_cmdline_processor.svh'.
Back to file '/home/synopsys/vcs/O-2018.09-SP2/etc/uvm-1.1/src/base/uvm_base.svh'.
Back to file '/home/synopsys/vcs/O-2018.09-SP2/etc/uvm-1.1/src/uvm_pkg.sv'.
Parsing included file '/home/synopsys/vcs/O-2018.09-SP2/etc/uvm-1.1/src/tlm1/uvm_tlm.svh'.
Parsing included file '/home/synopsys/vcs/O-2018.09-SP2/etc/uvm-1.1/src/tlm1/uvm_tlm_ifs.svh'.
Back to file '/home/synopsys/vcs/O-2018.09-SP2/etc/uvm-1.1/src/tlm1/uvm_tlm.svh'.
Parsing included file '/home/synopsys/vcs/O-2018.09-SP2/etc/uvm-1.1/src/tlm1/uvm_sqr_ifs.svh'.
Back to file '/home/synopsys/vcs/O-2018.09-SP2/etc/uvm-1.1/src/tlm1/uvm_tlm.svh'.
Parsing included file '/home/synopsys/vcs/O-2018.09-SP2/etc/uvm-1.1/src/base/uvm_port_base.svh'.
Back to file '/home/synopsys/vcs/O-2018.09-SP2/etc/uvm-1.1/src/tlm1/uvm_tlm.svh'.
Parsing included file '/home/synopsys/vcs/O-2018.09-SP2/etc/uvm-1.1/src/tlm1/uvm_tlm_imps.svh'.
Back to file '/home/synopsys/vcs/O-2018.09-SP2/etc/uvm-1.1/src/tlm1/uvm_tlm.svh'.
Parsing included file '/home/synopsys/vcs/O-2018.09-SP2/etc/uvm-1.1/src/tlm1/uvm_imps.svh'.
Back to file '/home/synopsys/vcs/O-2018.09-SP2/etc/uvm-1.1/src/tlm1/uvm_tlm.svh'.
Parsing included file '/home/synopsys/vcs/O-2018.09-SP2/etc/uvm-1.1/src/tlm1/uvm_ports.svh'.
Back to file '/home/synopsys/vcs/O-2018.09-SP2/etc/uvm-1.1/src/tlm1/uvm_tlm.svh'.
Parsing included file '/home/synopsys/vcs/O-2018.09-SP2/etc/uvm-1.1/src/tlm1/uvm_exports.svh'.
Back to file '/home/synopsys/vcs/O-2018.09-SP2/etc/uvm-1.1/src/tlm1/uvm_tlm.svh'.
Parsing included file '/home/synopsys/vcs/O-2018.09-SP2/etc/uvm-1.1/src/tlm1/uvm_analysis_port.svh'.
Back to file '/home/synopsys/vcs/O-2018.09-SP2/etc/uvm-1.1/src/tlm1/uvm_tlm.svh'.
Parsing included file '/home/synopsys/vcs/O-2018.09-SP2/etc/uvm-1.1/src/tlm1/uvm_tlm_fifo_base.svh'.
Back to file '/home/synopsys/vcs/O-2018.09-SP2/etc/uvm-1.1/src/tlm1/uvm_tlm.svh'.
Parsing included file '/home/synopsys/vcs/O-2018.09-SP2/etc/uvm-1.1/src/tlm1/uvm_tlm_fifos.svh'.
Back to file '/home/synopsys/vcs/O-2018.09-SP2/etc/uvm-1.1/src/tlm1/uvm_tlm.svh'.
Parsing included file '/home/synopsys/vcs/O-2018.09-SP2/etc/uvm-1.1/src/tlm1/uvm_tlm_req_rsp.svh'.
Back to file '/home/synopsys/vcs/O-2018.09-SP2/etc/uvm-1.1/src/tlm1/uvm_tlm.svh'.
Parsing included file '/home/synopsys/vcs/O-2018.09-SP2/etc/uvm-1.1/src/tlm1/uvm_sqr_connections.svh'.
Back to file '/home/synopsys/vcs/O-2018.09-SP2/etc/uvm-1.1/src/tlm1/uvm_tlm.svh'.
Back to file '/home/synopsys/vcs/O-2018.09-SP2/etc/uvm-1.1/src/uvm_pkg.sv'.
Parsing included file '/home/synopsys/vcs/O-2018.09-SP2/etc/uvm-1.1/src/comps/uvm_comps.svh'.
Parsing included file '/home/synopsys/vcs/O-2018.09-SP2/etc/uvm-1.1/src/comps/uvm_pair.svh'.
Back to file '/home/synopsys/vcs/O-2018.09-SP2/etc/uvm-1.1/src/comps/uvm_comps.svh'.
Parsing included file '/home/synopsys/vcs/O-2018.09-SP2/etc/uvm-1.1/src/comps/uvm_policies.svh'.
Back to file '/home/synopsys/vcs/O-2018.09-SP2/etc/uvm-1.1/src/comps/uvm_comps.svh'.
Parsing included file '/home/synopsys/vcs/O-2018.09-SP2/etc/uvm-1.1/src/comps/uvm_in_order_comparator.svh'.
Back to file '/home/synopsys/vcs/O-2018.09-SP2/etc/uvm-1.1/src/comps/uvm_comps.svh'.
Parsing included file '/home/synopsys/vcs/O-2018.09-SP2/etc/uvm-1.1/src/comps/uvm_algorithmic_comparator.svh'.
Back to file '/home/synopsys/vcs/O-2018.09-SP2/etc/uvm-1.1/src/comps/uvm_comps.svh'.
Parsing included file '/home/synopsys/vcs/O-2018.09-SP2/etc/uvm-1.1/src/comps/uvm_random_stimulus.svh'.
Back to file '/home/synopsys/vcs/O-2018.09-SP2/etc/uvm-1.1/src/comps/uvm_comps.svh'.
Parsing included file '/home/synopsys/vcs/O-2018.09-SP2/etc/uvm-1.1/src/comps/uvm_subscriber.svh'.
Back to file '/home/synopsys/vcs/O-2018.09-SP2/etc/uvm-1.1/src/comps/uvm_comps.svh'.
Parsing included file '/home/synopsys/vcs/O-2018.09-SP2/etc/uvm-1.1/src/comps/uvm_monitor.svh'.
Back to file '/home/synopsys/vcs/O-2018.09-SP2/etc/uvm-1.1/src/comps/uvm_comps.svh'.
Parsing included file '/home/synopsys/vcs/O-2018.09-SP2/etc/uvm-1.1/src/comps/uvm_driver.svh'.
Back to file '/home/synopsys/vcs/O-2018.09-SP2/etc/uvm-1.1/src/comps/uvm_comps.svh'.
Parsing included file '/home/synopsys/vcs/O-2018.09-SP2/etc/uvm-1.1/src/comps/uvm_push_driver.svh'.
Back to file '/home/synopsys/vcs/O-2018.09-SP2/etc/uvm-1.1/src/comps/uvm_comps.svh'.
Parsing included file '/home/synopsys/vcs/O-2018.09-SP2/etc/uvm-1.1/src/comps/uvm_scoreboard.svh'.
Back to file '/home/synopsys/vcs/O-2018.09-SP2/etc/uvm-1.1/src/comps/uvm_comps.svh'.
Parsing included file '/home/synopsys/vcs/O-2018.09-SP2/etc/uvm-1.1/src/comps/uvm_agent.svh'.
Back to file '/home/synopsys/vcs/O-2018.09-SP2/etc/uvm-1.1/src/comps/uvm_comps.svh'.
Parsing included file '/home/synopsys/vcs/O-2018.09-SP2/etc/uvm-1.1/src/comps/uvm_env.svh'.
Back to file '/home/synopsys/vcs/O-2018.09-SP2/etc/uvm-1.1/src/comps/uvm_comps.svh'.
Parsing included file '/home/synopsys/vcs/O-2018.09-SP2/etc/uvm-1.1/src/comps/uvm_test.svh'.
Back to file '/home/synopsys/vcs/O-2018.09-SP2/etc/uvm-1.1/src/comps/uvm_comps.svh'.
Back to file '/home/synopsys/vcs/O-2018.09-SP2/etc/uvm-1.1/src/uvm_pkg.sv'.
Parsing included file '/home/synopsys/vcs/O-2018.09-SP2/etc/uvm-1.1/src/seq/uvm_seq.svh'.
Parsing included file '/home/synopsys/vcs/O-2018.09-SP2/etc/uvm-1.1/src/seq/uvm_sequence_item.svh'.
Back to file '/home/synopsys/vcs/O-2018.09-SP2/etc/uvm-1.1/src/seq/uvm_seq.svh'.
Parsing included file '/home/synopsys/vcs/O-2018.09-SP2/etc/uvm-1.1/src/seq/uvm_sequencer_base.svh'.
Back to file '/home/synopsys/vcs/O-2018.09-SP2/etc/uvm-1.1/src/seq/uvm_seq.svh'.
Parsing included file '/home/synopsys/vcs/O-2018.09-SP2/etc/uvm-1.1/src/seq/uvm_sequencer_analysis_fifo.svh'.
Back to file '/home/synopsys/vcs/O-2018.09-SP2/etc/uvm-1.1/src/seq/uvm_seq.svh'.
Parsing included file '/home/synopsys/vcs/O-2018.09-SP2/etc/uvm-1.1/src/seq/uvm_sequencer_param_base.svh'.
Back to file '/home/synopsys/vcs/O-2018.09-SP2/etc/uvm-1.1/src/seq/uvm_seq.svh'.
Parsing included file '/home/synopsys/vcs/O-2018.09-SP2/etc/uvm-1.1/src/seq/uvm_sequencer.svh'.
Back to file '/home/synopsys/vcs/O-2018.09-SP2/etc/uvm-1.1/src/seq/uvm_seq.svh'.
Parsing included file '/home/synopsys/vcs/O-2018.09-SP2/etc/uvm-1.1/src/seq/uvm_push_sequencer.svh'.
Back to file '/home/synopsys/vcs/O-2018.09-SP2/etc/uvm-1.1/src/seq/uvm_seq.svh'.
Parsing included file '/home/synopsys/vcs/O-2018.09-SP2/etc/uvm-1.1/src/seq/uvm_sequence_base.svh'.
Back to file '/home/synopsys/vcs/O-2018.09-SP2/etc/uvm-1.1/src/seq/uvm_seq.svh'.
Parsing included file '/home/synopsys/vcs/O-2018.09-SP2/etc/uvm-1.1/src/seq/uvm_sequence.svh'.
Back to file '/home/synopsys/vcs/O-2018.09-SP2/etc/uvm-1.1/src/seq/uvm_seq.svh'.
Parsing included file '/home/synopsys/vcs/O-2018.09-SP2/etc/uvm-1.1/src/seq/uvm_sequence_library.svh'.
Back to file '/home/synopsys/vcs/O-2018.09-SP2/etc/uvm-1.1/src/seq/uvm_seq.svh'.
Parsing included file '/home/synopsys/vcs/O-2018.09-SP2/etc/uvm-1.1/src/seq/uvm_sequence_builtin.svh'.
Back to file '/home/synopsys/vcs/O-2018.09-SP2/etc/uvm-1.1/src/seq/uvm_seq.svh'.
Back to file '/home/synopsys/vcs/O-2018.09-SP2/etc/uvm-1.1/src/uvm_pkg.sv'.
Parsing included file '/home/synopsys/vcs/O-2018.09-SP2/etc/uvm-1.1/src/tlm2/uvm_tlm2.svh'.
Parsing included file '/home/synopsys/vcs/O-2018.09-SP2/etc/uvm-1.1/src/tlm2/uvm_tlm2_defines.svh'.
Back to file '/home/synopsys/vcs/O-2018.09-SP2/etc/uvm-1.1/src/tlm2/uvm_tlm2.svh'.
Parsing included file '/home/synopsys/vcs/O-2018.09-SP2/etc/uvm-1.1/src/tlm2/uvm_tlm2_time.svh'.
Back to file '/home/synopsys/vcs/O-2018.09-SP2/etc/uvm-1.1/src/tlm2/uvm_tlm2.svh'.
Parsing included file '/home/synopsys/vcs/O-2018.09-SP2/etc/uvm-1.1/src/tlm2/uvm_tlm2_generic_payload.svh'.
Back to file '/home/synopsys/vcs/O-2018.09-SP2/etc/uvm-1.1/src/tlm2/uvm_tlm2.svh'.
Parsing included file '/home/synopsys/vcs/O-2018.09-SP2/etc/uvm-1.1/src/tlm2/uvm_tlm2_ifs.svh'.
Back to file '/home/synopsys/vcs/O-2018.09-SP2/etc/uvm-1.1/src/tlm2/uvm_tlm2.svh'.
Parsing included file '/home/synopsys/vcs/O-2018.09-SP2/etc/uvm-1.1/src/tlm2/uvm_tlm2_imps.svh'.
Back to file '/home/synopsys/vcs/O-2018.09-SP2/etc/uvm-1.1/src/tlm2/uvm_tlm2.svh'.
Parsing included file '/home/synopsys/vcs/O-2018.09-SP2/etc/uvm-1.1/src/tlm2/uvm_tlm2_ports.svh'.
Back to file '/home/synopsys/vcs/O-2018.09-SP2/etc/uvm-1.1/src/tlm2/uvm_tlm2.svh'.
Parsing included file '/home/synopsys/vcs/O-2018.09-SP2/etc/uvm-1.1/src/tlm2/uvm_tlm2_exports.svh'.
Back to file '/home/synopsys/vcs/O-2018.09-SP2/etc/uvm-1.1/src/tlm2/uvm_tlm2.svh'.
Parsing included file '/home/synopsys/vcs/O-2018.09-SP2/etc/uvm-1.1/src/tlm2/uvm_tlm2_sockets_base.svh'.
Back to file '/home/synopsys/vcs/O-2018.09-SP2/etc/uvm-1.1/src/tlm2/uvm_tlm2.svh'.
Parsing included file '/home/synopsys/vcs/O-2018.09-SP2/etc/uvm-1.1/src/tlm2/uvm_tlm2_sockets.svh'.
Back to file '/home/synopsys/vcs/O-2018.09-SP2/etc/uvm-1.1/src/tlm2/uvm_tlm2.svh'.
Back to file '/home/synopsys/vcs/O-2018.09-SP2/etc/uvm-1.1/src/uvm_pkg.sv'.
Parsing included file '/home/synopsys/vcs/O-2018.09-SP2/etc/uvm-1.1/src/reg/uvm_reg_model.svh'.
Parsing included file '/home/synopsys/vcs/O-2018.09-SP2/etc/uvm-1.1/src/reg/uvm_reg_item.svh'.
Back to file '/home/synopsys/vcs/O-2018.09-SP2/etc/uvm-1.1/src/reg/uvm_reg_model.svh'.
Parsing included file '/home/synopsys/vcs/O-2018.09-SP2/etc/uvm-1.1/src/reg/uvm_reg_adapter.svh'.
Back to file '/home/synopsys/vcs/O-2018.09-SP2/etc/uvm-1.1/src/reg/uvm_reg_model.svh'.
Parsing included file '/home/synopsys/vcs/O-2018.09-SP2/etc/uvm-1.1/src/reg/uvm_reg_predictor.svh'.
Back to file '/home/synopsys/vcs/O-2018.09-SP2/etc/uvm-1.1/src/reg/uvm_reg_model.svh'.
Parsing included file '/home/synopsys/vcs/O-2018.09-SP2/etc/uvm-1.1/src/reg/uvm_reg_sequence.svh'.
Back to file '/home/synopsys/vcs/O-2018.09-SP2/etc/uvm-1.1/src/reg/uvm_reg_model.svh'.
Parsing included file '/home/synopsys/vcs/O-2018.09-SP2/etc/uvm-1.1/src/reg/uvm_reg_cbs.svh'.
Back to file '/home/synopsys/vcs/O-2018.09-SP2/etc/uvm-1.1/src/reg/uvm_reg_model.svh'.
Parsing included file '/home/synopsys/vcs/O-2018.09-SP2/etc/uvm-1.1/src/reg/uvm_reg_backdoor.svh'.
Back to file '/home/synopsys/vcs/O-2018.09-SP2/etc/uvm-1.1/src/reg/uvm_reg_model.svh'.
Parsing included file '/home/synopsys/vcs/O-2018.09-SP2/etc/uvm-1.1/src/reg/uvm_reg_field.svh'.
Back to file '/home/synopsys/vcs/O-2018.09-SP2/etc/uvm-1.1/src/reg/uvm_reg_model.svh'.
Parsing included file '/home/synopsys/vcs/O-2018.09-SP2/etc/uvm-1.1/src/reg/uvm_vreg_field.svh'.
Back to file '/home/synopsys/vcs/O-2018.09-SP2/etc/uvm-1.1/src/reg/uvm_reg_model.svh'.
Parsing included file '/home/synopsys/vcs/O-2018.09-SP2/etc/uvm-1.1/src/reg/uvm_reg.svh'.
Back to file '/home/synopsys/vcs/O-2018.09-SP2/etc/uvm-1.1/src/reg/uvm_reg_model.svh'.
Parsing included file '/home/synopsys/vcs/O-2018.09-SP2/etc/uvm-1.1/src/reg/uvm_reg_indirect.svh'.
Back to file '/home/synopsys/vcs/O-2018.09-SP2/etc/uvm-1.1/src/reg/uvm_reg_model.svh'.
Parsing included file '/home/synopsys/vcs/O-2018.09-SP2/etc/uvm-1.1/src/reg/uvm_reg_fifo.svh'.
Back to file '/home/synopsys/vcs/O-2018.09-SP2/etc/uvm-1.1/src/reg/uvm_reg_model.svh'.
Parsing included file '/home/synopsys/vcs/O-2018.09-SP2/etc/uvm-1.1/src/reg/uvm_reg_file.svh'.
Back to file '/home/synopsys/vcs/O-2018.09-SP2/etc/uvm-1.1/src/reg/uvm_reg_model.svh'.
Parsing included file '/home/synopsys/vcs/O-2018.09-SP2/etc/uvm-1.1/src/reg/uvm_mem_mam.svh'.
Back to file '/home/synopsys/vcs/O-2018.09-SP2/etc/uvm-1.1/src/reg/uvm_reg_model.svh'.
Parsing included file '/home/synopsys/vcs/O-2018.09-SP2/etc/uvm-1.1/src/reg/uvm_vreg.svh'.
Back to file '/home/synopsys/vcs/O-2018.09-SP2/etc/uvm-1.1/src/reg/uvm_reg_model.svh'.
Parsing included file '/home/synopsys/vcs/O-2018.09-SP2/etc/uvm-1.1/src/reg/uvm_mem.svh'.
Back to file '/home/synopsys/vcs/O-2018.09-SP2/etc/uvm-1.1/src/reg/uvm_reg_model.svh'.
Parsing included file '/home/synopsys/vcs/O-2018.09-SP2/etc/uvm-1.1/src/reg/uvm_reg_map.svh'.
Back to file '/home/synopsys/vcs/O-2018.09-SP2/etc/uvm-1.1/src/reg/uvm_reg_model.svh'.
Parsing included file '/home/synopsys/vcs/O-2018.09-SP2/etc/uvm-1.1/src/reg/uvm_reg_block.svh'.
Back to file '/home/synopsys/vcs/O-2018.09-SP2/etc/uvm-1.1/src/reg/uvm_reg_model.svh'.
Parsing included file '/home/synopsys/vcs/O-2018.09-SP2/etc/uvm-1.1/src/reg/sequences/uvm_reg_hw_reset_seq.svh'.
Back to file '/home/synopsys/vcs/O-2018.09-SP2/etc/uvm-1.1/src/reg/uvm_reg_model.svh'.
Parsing included file '/home/synopsys/vcs/O-2018.09-SP2/etc/uvm-1.1/src/reg/sequences/uvm_reg_bit_bash_seq.svh'.
Back to file '/home/synopsys/vcs/O-2018.09-SP2/etc/uvm-1.1/src/reg/uvm_reg_model.svh'.
Parsing included file '/home/synopsys/vcs/O-2018.09-SP2/etc/uvm-1.1/src/reg/sequences/uvm_mem_walk_seq.svh'.
Back to file '/home/synopsys/vcs/O-2018.09-SP2/etc/uvm-1.1/src/reg/uvm_reg_model.svh'.
Parsing included file '/home/synopsys/vcs/O-2018.09-SP2/etc/uvm-1.1/src/reg/sequences/uvm_mem_access_seq.svh'.
Back to file '/home/synopsys/vcs/O-2018.09-SP2/etc/uvm-1.1/src/reg/uvm_reg_model.svh'.
Parsing included file '/home/synopsys/vcs/O-2018.09-SP2/etc/uvm-1.1/src/reg/sequences/uvm_reg_access_seq.svh'.
Back to file '/home/synopsys/vcs/O-2018.09-SP2/etc/uvm-1.1/src/reg/uvm_reg_model.svh'.
Parsing included file '/home/synopsys/vcs/O-2018.09-SP2/etc/uvm-1.1/src/reg/sequences/uvm_reg_mem_shared_access_seq.svh'.
Back to file '/home/synopsys/vcs/O-2018.09-SP2/etc/uvm-1.1/src/reg/uvm_reg_model.svh'.
Parsing included file '/home/synopsys/vcs/O-2018.09-SP2/etc/uvm-1.1/src/reg/sequences/uvm_reg_mem_built_in_seq.svh'.
Back to file '/home/synopsys/vcs/O-2018.09-SP2/etc/uvm-1.1/src/reg/uvm_reg_model.svh'.
Parsing included file '/home/synopsys/vcs/O-2018.09-SP2/etc/uvm-1.1/src/reg/sequences/uvm_reg_mem_hdl_paths_seq.svh'.
Back to file '/home/synopsys/vcs/O-2018.09-SP2/etc/uvm-1.1/src/reg/uvm_reg_model.svh'.
Parsing included file '/home/synopsys/vcs/O-2018.09-SP2/etc/uvm-1.1/src/reg/snps_uvm_reg_bank.svh'.
Back to file '/home/synopsys/vcs/O-2018.09-SP2/etc/uvm-1.1/src/reg/uvm_reg_model.svh'.
Back to file '/home/synopsys/vcs/O-2018.09-SP2/etc/uvm-1.1/src/uvm_pkg.sv'.
Back to file '/home/synopsys/vcs/O-2018.09-SP2/etc/uvm-1.1/src/uvm.sv'.
Parsing included file '/home/synopsys/vcs/O-2018.09-SP2/etc/uvm-1.1/src/vcs/snps_reg.svh'.
Back to file '/home/synopsys/vcs/O-2018.09-SP2/etc/uvm-1.1/src/uvm.sv'.
Parsing design file '../rtl/Command.v'
Parsing included file 'params.v'.
Back to file '../rtl/Command.v'.
Parsing design file '../rtl/PLL1.v'
Parsing design file '../rtl/altclklock.v'
Parsing design file '../rtl/control_interface.v'
Parsing included file 'params.v'.
Back to file '../rtl/control_interface.v'.
Parsing design file '../rtl/sdr_data_path.v'
Parsing included file 'params.v'.
Back to file '../rtl/sdr_data_path.v'.
Parsing design file '../rtl/sdr_sdram.v'
Parsing included file 'params.v'.
Back to file '../rtl/sdr_sdram.v'.
Parsing design file '../tb/mt48lc4m16a2.v'
Parsing design file '../tb/transaction.sv'
Parsing design file '../tb/mst_if.sv'
Parsing design file '../tb/slv_if.sv'
Parsing design file '../tb/mst_driver.sv'
Parsing design file '../tb/mst_sequencer.sv'
Parsing design file '../tb/mst_agent.sv'
Parsing design file '../tb/slv_monitor.sv'
Parsing design file '../tb/slv_agent.sv'
Parsing design file '../tb/sdram_reference.sv'
Parsing design file '../tb/scoreboard.sv'
Parsing design file '../tb/env.sv'
Parsing design file '../tb/mst_sequence.sv'
Parsing design file '../tb/simtop.sv'
Parsing included file '/home/synopsys/vcs/O-2018.09-SP2/etc/uvm-1.1/src/uvm_pkg.sv'.
Back to file '../tb/simtop.sv'.
Parsing included file '/home/synopsys/vcs/O-2018.09-SP2/etc/uvm-1.1/src/uvm_macros.svh'.
Back to file '../tb/simtop.sv'.
Top Level Modules:
       simtop
TimeScale is 1 ps / 1 ps
VCS Coverage Metrics Release O-2018.09-SP2_Full64 Copyright (c) 1991-2018 by Synopsys Inc.
Starting vcs inline pass...
7 modules and 0 UDP read.
recompiling package vcs_paramclassrepository
recompiling module simtop
Both modules done.
	However, due to incremental compilation, only 2 modules need to be compiled. 
make[1]: Entering directory `/home/ICer/douyin/sdram_ctrl_uvm_x/work/csrc'
rm -f _csrc*.so pre_vcsobj_*.so share_vcsobj_*.so
ld -shared  -Bsymbolic  -o .//../simv.daidir//_csrc0.so objs/amcQw_d.o 
rm -f _csrc0.so
if [ -x ../simv ]; then chmod -x ../simv; fi
g++  -o ../simv    -Wl,-rpath-link=./ -Wl,-rpath='$ORIGIN'/simv.daidir/ -Wl,-rpath=./simv.daidir/ \
-Wl,-rpath='$ORIGIN'/simv.daidir//scsim.db.dir  -rdynamic  -Wl,-rpath=/home/synopsys/vcs/O-2018.09-SP2/linux64/lib \
-L/home/synopsys/vcs/O-2018.09-SP2/linux64/lib  uvm_dpi.o     _16701_archive_1.so \
_prev_archive_1.so _csrc0.so  SIM_l.o  _csrc0.so  uM9F1_0x2aB.o   rmapats_mop.o rmapats.o \
rmar.o rmar_nd.o  rmar_llvm_0_1.o rmar_llvm_0_0.o          -lzerosoft_rt_stubs -lvirsim \
-lerrorinf -lsnpsmalloc -lvfs    -lvcsnew -lsimprofile -lreader_common /home/synopsys/vcs/O-2018.09-SP2/linux64/lib/libBA.a \
-luclinative /home/synopsys/vcs/O-2018.09-SP2/linux64/lib/vcs_tls.o   -Wl,-whole-archive \
-lvcsucli -Wl,-no-whole-archive       ./../simv.daidir/vc_hdrs.o  _vcs_pli_stub_.o \
/home/synopsys/vcs/O-2018.09-SP2/linux64/lib/vcs_save_restore_new.o /home/synopsys/verdi/Verdi_O-2018.09-SP2/share/PLI/VCS/LINUX64/pli.a \
-ldl  -lc -lm -lpthread -ldl 
../simv up to date
make[1]: Leaving directory `/home/ICer/douyin/sdram_ctrl_uvm_x/work/csrc'
CPU time: 15.915 seconds to compile + .554 seconds to elab + .632 seconds to link
